[debug] [2025-09-04T13:05:33.941Z] ----------------------------------------------------------------------
[debug] [2025-09-04T13:05:33.944Z] Command:       /nix/store/ws50yvm6vzlzf7jzz6n7xh4szddrack1-nodejs-20.19.1/bin/node /nix/store/ddncjx4vr7n8ighdsnmviznfzlpb3d54-firebase-tools-14.15.1/lib/node_modules/firebase-tools/lib/bin/firebase.js init hosting
[debug] [2025-09-04T13:05:33.945Z] CLI Version:   14.15.1
[debug] [2025-09-04T13:05:33.945Z] Platform:      linux
[debug] [2025-09-04T13:05:33.945Z] Node Version:  v20.19.1
[debug] [2025-09-04T13:05:33.945Z] Time:          Thu Sep 04 2025 13:05:33 GMT+0000 (Coordinated Universal Time)
[debug] [2025-09-04T13:05:33.946Z] ----------------------------------------------------------------------
[debug] 
[debug] [2025-09-04T13:05:34.431Z] No OAuth tokens found
[debug] [2025-09-04T13:05:34.431Z] No OAuth tokens found
[error] Failed to fetch Firebase Project from current Studio Workspace: Unable to refresh auth: not yet authenticated.
[debug] [2025-09-04T13:05:34.436Z] > command requires scopes: ["email","openid","https://www.googleapis.com/auth/cloudplatformprojects.readonly","https://www.googleapis.com/auth/firebase","https://www.googleapis.com/auth/cloud-platform","https://www.googleapis.com/auth/userinfo.email"]
[debug] [2025-09-04T13:06:08.546Z] Running auto auth
[info] 
     ######## #### ########  ######## ########     ###     ######  ########
     ##        ##  ##     ## ##       ##     ##  ##   ##  ##       ##
     ######    ##  ########  ######   ########  #########  ######  ######
     ##        ##  ##    ##  ##       ##     ## ##     ##       ## ##
     ##       #### ##     ## ######## ########  ##     ##  ######  ########

You're about to initialize a Firebase project in this directory:

  /home/user/studio

Before we get started, keep in mind:

  * You are initializing within an existing Firebase project directory

[info] 
=== Project Setup
[info] 
[info] First, let's associate this project directory with a Firebase project.
[info] You can create multiple project aliases by running firebase use --add, 
[info] but for now we'll just set up a default project.
[info] 
[debug] [2025-09-04T13:06:28.572Z] No OAuth tokens found
[debug] [2025-09-04T13:06:28.577Z] >>> [apiv2][query] GET https://firebase.googleapis.com/v1beta1/projects pageSize=100
[debug] [2025-09-04T13:06:29.019Z] <<< [apiv2][status] GET https://firebase.googleapis.com/v1beta1/projects 200
[debug] [2025-09-04T13:06:29.020Z] <<< [apiv2][body] GET https://firebase.googleapis.com/v1beta1/projects [omitted]
